<?xml version="1.0" encoding="UTF-8"?><testsuite errors="0" failures="0" name="Realizar cotizacion de vehiculo con usuario aliado" skipped="0" tests="10" time="2620.85" timestamp="2024-03-06 11:45:52"><testcase name="Cotización persona natural existente, codigo fasecolda, con datos adicionales e inhabilitado vehiculo en leasing y conductor habitual - Aliado"/><testcase name="Cotización persona natural inexistente, código fasecolda con datos adicionales e inhabilitado vehículo en leasing y conductor habitual - Aliado"/><testcase name="Cotización persona jurídica inexistente, código fasecolda y sin datos adicionales - Aliado"/><testcase name="Cotización persona jurídica inexistente, código fasecolda, con datos adicionales y vehículo en leasing y conductor habitual - Aliado"/><testcase name="Cotización persona natural existente, código fasecolda y que súpere el limite de accesorios - Aliado"/><testcase name="Cotización persona natural existente, código fasecolda y que súpere el limite de blindaje - Aliado"/><testcase name="Cotización persona natural en inbroker con placa en fasecolda, con datos adicionales e inhabilitado vehículo en leasing y conductor habitual - Aliado"/><testcase name="Cotización persona jurídica inexistente en inbroker con placa en fasecolda, con datos adicionales, vehículo en leasing y conductor habitual - Aliado"/><testcase name="Cotización persona natural en inbroker, sin placa, sin código fasecolda, con datos adicionales e inhabilitado vehículo en leasing y conductor habitual - Aliado"/><testcase name="Cotización persona natural inexistente en inbroker con marca no asegurable - Aliado"/></testsuite>