<?xml version="1.0" encoding="UTF-8"?><testsuite errors="0" failures="1" name="Realizar cotizacion de vehiculo con usuario intermediario" skipped="0" tests="1" time="180.87" timestamp="2024-03-08 03:20:54"><testcase name="Cotizaci贸n persona natural existente, codigo fasecolda, con datos adicionales e inhabilitado vehiculo en leasing y conductor habitual - Intermediario"><failure message="El elemento no se mostr贸 en el tiempo establecido  " type="java.lang.AssertionError">El elemento no se mostr贸 en el tiempo establecido  </failure><system-err>El elemento no se mostr贸 en el tiempo establecido  &#13;
co.com.cloud.inhub.auto.utils.ExceptionsProyecto.lanzarExcepcion(ExceptionsProyecto.java:110)&#13;
co.com.cloud.inhub.auto.utils.ExceptionsProyecto.validaExcepcion(ExceptionsProyecto.java:86)&#13;
co.com.cloud.inhub.auto.utils.AccionesWeb.excepcionAccionesWeb(AccionesWeb.java:1133)&#13;
co.com.cloud.inhub.auto.utils.AccionesWeb.clickBoton(AccionesWeb.java:181)&#13;
co.com.cloud.inhub.auto.steps.StepsOferta.stepsOfertaSeleccionar(StepsOferta.java:17)&#13;
co.com.cloud.inhub.auto.stepdefinitions.CotizarVehiculoStepDefinitions.elijoLaOfertaOfrecida(CotizarVehiculoStepDefinitions.java:70)&#13;
io.cucumber.java.Invoker.doInvoke(Invoker.java:66)&#13;
io.cucumber.java.Invoker.invoke(Invoker.java:24)&#13;
io.cucumber.java.AbstractGlueDefinition.invokeMethod(AbstractGlueDefinition.java:47)&#13;
io.cucumber.java.JavaStepDefinition.execute(JavaStepDefinition.java:29)&#13;
io.cucumber.core.runner.CoreStepDefinition.execute(CoreStepDefinition.java:66)&#13;
io.cucumber.core.runner.PickleStepDefinitionMatch.runStep(PickleStepDefinitionMatch.java:63)&#13;
io.cucumber.core.runner.TestStep.executeStep(TestStep.java:85)&#13;
io.cucumber.core.runner.TestStep.run(TestStep.java:57)&#13;
io.cucumber.core.runner.PickleStepTestStep.run(PickleStepTestStep.java:51)&#13;
io.cucumber.core.runner.TestCase.run(TestCase.java:84)&#13;
io.cucumber.core.runner.Runner.runPickle(Runner.java:75)&#13;
io.cucumber.core.runtime.CucumberExecutionContext.lambda$runTestCase$5(CucumberExecutionContext.java:129)&#13;
io.cucumber.core.runtime.RethrowingThrowableCollector.executeAndThrow(RethrowingThrowableCollector.java:23)&#13;
io.cucumber.core.runtime.CucumberExecutionContext.runTestCase(CucumberExecutionContext.java:129)&#13;
io.cucumber.junit.FeatureRunner.runChild(FeatureRunner.java:144)&#13;
io.cucumber.junit.FeatureRunner.runChild(FeatureRunner.java:28)&#13;
io.cucumber.junit.FeatureRunner.run(FeatureRunner.java:137)&#13;
io.cucumber.junit.CucumberSerenityRunner.runChild(CucumberSerenityRunner.java:259)&#13;
io.cucumber.junit.CucumberSerenityRunner.runChild(CucumberSerenityRunner.java:59)&#13;
worker.org.gradle.process.internal.worker.GradleWorkerMain.run(GradleWorkerMain.java:69)&#13;
worker.org.gradle.process.internal.worker.GradleWorkerMain.main(GradleWorkerMain.java:74)&#13;
</system-err></testcase></testsuite>